0 info it worked if it ends with ok
1 verbose cli [ '/usr/local/bin/node',
1 verbose cli   '/usr/local/bin/npm',
1 verbose cli   'publish',
1 verbose cli   '--access=public' ]
2 info using npm@3.3.12
3 info using node@v5.1.1
4 verbose publish [ '.' ]
5 silly cache add args [ '.', null ]
6 verbose cache add spec .
7 silly cache add parsed spec Result {
7 silly cache add   raw: '.',
7 silly cache add   scope: null,
7 silly cache add   name: null,
7 silly cache add   rawSpec: '.',
7 silly cache add   spec: '/Users/dvkndn/Development/quoine/exchange-intl',
7 silly cache add   type: 'directory' }
8 verbose addLocalDirectory /Users/dvkndn/.npm/@quoine/exchange-intl/0.0.1/package.tgz not in flight; packing
9 info lifecycle @quoine/exchange-intl@0.0.1~prepublish: @quoine/exchange-intl@0.0.1
10 verbose lifecycle @quoine/exchange-intl@0.0.1~prepublish: unsafe-perm in lifecycle true
11 verbose lifecycle @quoine/exchange-intl@0.0.1~prepublish: PATH: /usr/local/lib/node_modules/npm/bin/node-gyp-bin:/Users/dvkndn/Development/quoine/exchange-intl/node_modules/.bin:/Users/dvkndn/.rvm/gems/ruby-2.3.0/bin:/Users/dvkndn/.rvm/gems/ruby-2.3.0@global/bin:/Users/dvkndn/.rvm/rubies/ruby-2.3.0/bin:/usr/local/bin:/usr/bin:/bin:/usr/sbin:/sbin:/usr/local/go/bin:/Users/dvkndn/.rvm/gems/ruby-2.2.3/bin:/Users/dvkndn/.rvm/gems/ruby-2.2.3@global/bin:/Users/dvkndn/.rvm/rubies/ruby-2.2.3/bin:/usr/local/bin:/usr/bin:/bin:/usr/sbin:/sbin:/Users/dvkndn/.rvm/bin
12 verbose lifecycle @quoine/exchange-intl@0.0.1~prepublish: CWD: /Users/dvkndn/Development/quoine/exchange-intl
13 silly lifecycle @quoine/exchange-intl@0.0.1~prepublish: Args: [ '-c', 'gulp prepublish' ]
14 silly lifecycle @quoine/exchange-intl@0.0.1~prepublish: Returned: code: 0  signal: null
15 verbose tar pack [ '/Users/dvkndn/.npm/@quoine/exchange-intl/0.0.1/package.tgz',
15 verbose tar pack   '/Users/dvkndn/Development/quoine/exchange-intl' ]
16 verbose tarball /Users/dvkndn/.npm/@quoine/exchange-intl/0.0.1/package.tgz
17 verbose folder /Users/dvkndn/Development/quoine/exchange-intl
18 verbose addLocalTarball adding from inside cache /Users/dvkndn/.npm/@quoine/exchange-intl/0.0.1/package.tgz
19 silly cache afterAdd @quoine/exchange-intl@0.0.1
20 verbose afterAdd /Users/dvkndn/.npm/@quoine/exchange-intl/0.0.1/package/package.json not in flight; writing
21 verbose afterAdd /Users/dvkndn/.npm/@quoine/exchange-intl/0.0.1/package/package.json written
22 silly publish { name: '@quoine/exchange-intl',
22 silly publish   version: '0.0.1',
22 silly publish   description: 'i18n support for QUOINE Exchange web app',
22 silly publish   homepage: 'https://github.com/QuoineFinancial/exchange-intl',
22 silly publish   author: { name: 'thien', email: 'thien@quoine.com' },
22 silly publish   files: [ 'dist' ],
22 silly publish   main: 'dist/index.js',
22 silly publish   keywords: [ 'quoine', 'exchange', 'i18n' ],
22 silly publish   devDependencies:
22 silly publish    { eslint: '^2.1.0',
22 silly publish      'eslint-config-xo-space': '^0.13.0',
22 silly publish      'babel-eslint': '^4.1.8',
22 silly publish      'eslint-plugin-babel': '^3.1.0',
22 silly publish      gulp: '^3.9.0',
22 silly publish      'gulp-eslint': '^2.0.0',
22 silly publish      'gulp-exclude-gitignore': '^1.0.0',
22 silly publish      'gulp-line-ending-corrector': '^1.0.1',
22 silly publish      'gulp-istanbul': '^0.10.3',
22 silly publish      'gulp-mocha': '^2.0.0',
22 silly publish      'gulp-plumber': '^1.0.0',
22 silly publish      'gulp-nsp': '^2.1.0',
22 silly publish      'gulp-coveralls': '^0.1.0',
22 silly publish      'gulp-babel': '^5.1.0',
22 silly publish      del: '^2.0.2',
22 silly publish      'babel-core': '^5.5.0',
22 silly publish      isparta: '^3.0.3' },
22 silly publish   eslintConfig: { extends: 'xo-space', env: { mocha: true } },
22 silly publish   repository:
22 silly publish    { type: 'git',
22 silly publish      url: 'git+https://github.com/quoinefinancial/exchange-intl.git' },
22 silly publish   scripts: { prepublish: 'gulp prepublish', test: 'gulp' },
22 silly publish   license: 'MIT',
22 silly publish   dependencies: { i18next: '^3.1.0' },
22 silly publish   readme: '# exchange-intl\n> i18n support for QUOINE Exchange web app\n\n<!-- [![NPM version][npm-image]][npm-url] [![Build Status][travis-image]][travis-url] [![Dependency Status][daviddm-image]][daviddm-url] [![Coverage percentage][coveralls-image]][coveralls-url] -->\n\n## Installation\n\nThis module is not available in npm. Install from QuoineFinancial github:\n\n```sh\n$ npm install --save QuoineFinancial/exchange-intl\n```\n\n## Usage\n\n### Basic\n\n```js\nvar exIntl = require(\'exchange-intl\');\n\n// change language (default is en)\nexIntl.changeLanguage(\'ja\');\n\n// translate\nexIntl.t(\'sign-in:title\');\n```\n\n### Advance\n\nThis module uses [i18next](http://i18next.com). The returned object is i18next\'s instance. Therefore you can use all [i18next\'s API](http://i18next.com/docs/api/) with this object.\n\n```js\n// example: use external plugin\nvar exIntl = require(\'exchange-intl\');\nvar Backend = require(\'i18next-xhr-backend\');\n\nexIntl.use(Backend);\n```\n\n## Test\n\n```sh\n$ npm run test\n```\n\n## License\n\nMIT © [thien](mailto:thien@quoine.com)\n\n<!-- [npm-image]: https://badge.fury.io/js/exchange-intl.svg\n[npm-url]: https://npmjs.org/package/exchange-intl\n[travis-image]: https://travis-ci.org/QuoineFinancial/exchange-intl.svg?branch=master\n[travis-url]: https://travis-ci.org/QuoineFinancial/exchange-intl\n[daviddm-image]: https://david-dm.org/QuoineFinancial/exchange-intl.svg?theme=shields.io\n[daviddm-url]: https://david-dm.org/QuoineFinancial/exchange-intl\n[coveralls-image]: https://coveralls.io/repos/QuoineFinancial/exchange-intl/badge.svg\n[coveralls-url]: https://coveralls.io/r/QuoineFinancial/exchange-intl\n -->',
22 silly publish   readmeFilename: 'README.md',
22 silly publish   gitHead: 'c54c1d9d87af373879a3ff5d5f1033af6e4d2fcd',
22 silly publish   bugs: { url: 'https://github.com/quoinefinancial/exchange-intl/issues' },
22 silly publish   _id: '@quoine/exchange-intl@0.0.1',
22 silly publish   _shasum: '9379671c64337795bf5c2937257ebb01f61412b5',
22 silly publish   _from: '.' }
23 verbose getPublishConfig undefined
24 silly mapToRegistry name @quoine/exchange-intl
25 silly mapToRegistry scope (from package name) @quoine
26 verbose mapToRegistry no registry URL found in name for scope @quoine
27 silly mapToRegistry using default registry
28 silly mapToRegistry registry https://registry.npmjs.org/
29 silly mapToRegistry uri https://registry.npmjs.org/@quoine%2fexchange-intl
30 verbose publish registryBase https://registry.npmjs.org/
31 silly publish uploading /Users/dvkndn/.npm/@quoine/exchange-intl/0.0.1/package.tgz
32 verbose request uri https://registry.npmjs.org/@quoine%2fexchange-intl
33 verbose request sending authorization for write operation
34 info attempt registry request try #1 at 12:13:49 AM
35 verbose request using bearer token for auth
36 verbose request id e4dad246252917cc
37 http request PUT https://registry.npmjs.org/@quoine%2fexchange-intl
38 http 404 https://registry.npmjs.org/@quoine%2fexchange-intl
39 verbose headers { 'content-type': 'application/json',
39 verbose headers   'cache-control': 'max-age=0',
39 verbose headers   'content-length': '21',
39 verbose headers   'accept-ranges': 'bytes',
39 verbose headers   date: 'Tue, 07 Jun 2016 17:13:50 GMT',
39 verbose headers   via: '1.1 varnish',
39 verbose headers   connection: 'keep-alive',
39 verbose headers   'x-served-by': 'cache-hkg6821-HKG',
39 verbose headers   'x-cache': 'MISS',
39 verbose headers   'x-cache-hits': '0',
39 verbose headers   'x-timer': 'S1465319629.673529,VS0,VE812' }
40 verbose request invalidating /Users/dvkndn/.npm/registry.npmjs.org/_40quoine_252fexchange-intl on PUT
41 error publish Failed PUT 404
42 verbose stack Error: Not found : @quoine/exchange-intl
42 verbose stack     at makeError (/usr/local/lib/node_modules/npm/node_modules/npm-registry-client/lib/request.js:264:12)
42 verbose stack     at CachingRegistryClient.<anonymous> (/usr/local/lib/node_modules/npm/node_modules/npm-registry-client/lib/request.js:252:14)
42 verbose stack     at Request._callback (/usr/local/lib/node_modules/npm/node_modules/npm-registry-client/lib/request.js:172:14)
42 verbose stack     at Request.self.callback (/usr/local/lib/node_modules/npm/node_modules/request/request.js:198:22)
42 verbose stack     at emitTwo (events.js:87:13)
42 verbose stack     at Request.emit (events.js:172:7)
42 verbose stack     at Request.<anonymous> (/usr/local/lib/node_modules/npm/node_modules/request/request.js:1082:10)
42 verbose stack     at emitOne (events.js:82:20)
42 verbose stack     at Request.emit (events.js:169:7)
42 verbose stack     at IncomingMessage.<anonymous> (/usr/local/lib/node_modules/npm/node_modules/request/request.js:1009:12)
43 verbose statusCode 404
44 verbose pkgid @quoine/exchange-intl
45 verbose cwd /Users/dvkndn/Development/quoine/exchange-intl
46 error Darwin 15.5.0
47 error argv "/usr/local/bin/node" "/usr/local/bin/npm" "publish" "--access=public"
48 error node v5.1.1
49 error npm  v3.3.12
50 error code E404
51 error 404 Not found : @quoine/exchange-intl
51 error 404
51 error 404 '@quoine/exchange-intl' is not in the npm registry.
51 error 404 You should bug the author to publish it (or use the name yourself!)
51 error 404
51 error 404 Note that you can also install from a
51 error 404 tarball, folder, http url, or git url.
52 verbose exit [ 1, true ]
